<?xml version="1.0" encoding="UTF-8"?>
<testsuite xmlns:xsi="http://www.w3.org/2001/XMLSchema-instance" xsi:noNamespaceSchemaLocation="https://maven.apache.org/surefire/maven-surefire-plugin/xsd/surefire-test-report-3.0.xsd" version="3.0" name="com.test.test.TestApplicationTests" time="3.36" tests="1" errors="0" skipped="0" failures="0">
  <properties>
[...]
</properties>
  <testcase name="contextLoads" classname="com.test.test.TestApplicationTests" time="1.018">
    <system-out><![CDATA[17:33:23.417 [main] INFO org.springframework.test.context.support.AnnotationConfigContextLoaderUtils -- Could not detect default configuration classes for test class [com.test.test.TestApplicationTests]: TestApplicationTests does not declare any static, non-private, non-final, nested classes annotated with @Configuration.
17:33:23.569 [main] INFO org.springframework.boot.test.context.SpringBootTestContextBootstrapper -- Found @SpringBootConfiguration com.test.test.TestApplication for test class com.test.test.TestApplicationTests
17:33:23.808 [main] INFO org.springframework.boot.devtools.restart.RestartApplicationListener -- Restart disabled due to context in which it is running

  .   ____          _            __ _ _
 /\\ / ___'_ __ _ _(_)_ __  __ _ \ \ \ \
( ( )\___ | '_ | '_| | '_ \/ _` | \ \ \ \
 \\/  ___)| |_)| | | | | || (_| |  ) ) ) )
  '  |____| .__|_| |_|_| |_\__, | / / / /
 =========|_|==============|___/=/_/_/_/
 :: Spring Boot ::                (v3.2.5)

2025-07-10T17:33:24.088+01:00  INFO 32752 --- [test] [           main] com.test.test.TestApplicationTests       : Starting TestApplicationTests using Java 17.0.15 with PID 32752 (started by VictorHOUESSOU in C:\Users\VictorHOUESSOU\Downloads\test\test)
2025-07-10T17:33:24.088+01:00  INFO 32752 --- [test] [           main] com.test.test.TestApplicationTests       : No active profile set, falling back to 1 default profile: "default"
2025-07-10T17:33:25.549+01:00  INFO 32752 --- [test] [           main] com.test.test.TestApplicationTests       : Started TestApplicationTests in 1.754 seconds (process running for 2.853)
]]></system-out>
  </testcase>
</testsuite>